<?xml version="1.0" encoding="UTF-8"?>
<!-- Generated by org.testng.reporters.JUnitXMLReporter -->
<testsuite ignored="0" hostname="DESKTOP-EUEGJ9K" failures="0" tests="3" name="Test" time="8.425" errors="0" timestamp="2025-07-31T11:09:15 IST">
  <testcase classname="productTest.Example1Test" name="Addproduct2" time="0.015"/>
  <testcase classname="productTest.Example1Test" name="Addproduct3" time="0.002"/>
  <testcase classname="productTest.Example1Test" name="orderProducts" time="1.8"/>
</testsuite> <!-- Test -->
