<?xml version="1.0" encoding="UTF-8"?>
<!-- Generated by org.testng.reporters.JUnitXMLReporter -->
<testsuite ignored="0" hostname="DESKTOP-EUEGJ9K" failures="0" tests="1" name="Test" time="1.346" errors="0" timestamp="2025-07-28T11:05:15 IST">
  <testcase classname="genericlibrary.BaseConfig" name="@BeforeClass browserSetup" time="-1.753680914135E9">
    <failure type="org.testng.TestNGException" message="
Can inject only one of &amp;lt;ITestContext, XmlTest&amp;gt; into a @BeforeClass annotated browserSetup.
For more information on native dependency injection please refer to https://testng.org/#_dependency_injection">
      <![CDATA[org.testng.TestNGException: 
Can inject only one of <ITestContext, XmlTest> into a @BeforeClass annotated browserSetup.
For more information on native dependency injection please refer to https://testng.org/#_dependency_injection
at java.base/java.util.ArrayList.forEach(ArrayList.java:1596)
... Removed 22 stack frames]]>
    </failure>
  </testcase> <!-- @BeforeClass browserSetup -->
  <testcase classname="genericlibrary.BaseConfig" name="@BeforeMethod LogIn" time="0.0">
    <skipped/>
  </testcase> <!-- @BeforeMethod LogIn -->
  <testcase classname="genericlibrary.BaseConfig" name="@AfterMethod Logout" time="0.0">
    <skipped/>
  </testcase> <!-- @AfterMethod Logout -->
  <testcase classname="genericlibrary.BaseConfig" name="@AfterClass broserTerminate" time="0.0">
    <skipped/>
  </testcase> <!-- @AfterClass broserTerminate -->
  <testcase classname="productTest.Example1Test" name="orderProducts" time="0.0">
    <skipped/>
  </testcase> <!-- orderProducts -->
</testsuite> <!-- Test -->
