<?xml version="1.0" encoding="UTF-8"?>
<testng-results ignored="0" total="3" passed="3" failed="0" skipped="0">
  <reporter-output>
    <line>
      <![CDATA[Browser setup is done]]>
    </line>
    <line>
      <![CDATA[Login successfully]]>
    </line>
    <line>
      <![CDATA[Logout is done]]>
    </line>
    <line>
      <![CDATA[Login successfully]]>
    </line>
    <line>
      <![CDATA[Logout is done]]>
    </line>
    <line>
      <![CDATA[Login successfully]]>
    </line>
    <line>
      <![CDATA[Anusha]]>
    </line>
    <line>
      <![CDATA[Ch]]>
    </line>
    <line>
      <![CDATA[ 500018]]>
    </line>
    <line>
      <![CDATA[Logout is done]]>
    </line>
  </reporter-output>
  <suite started-at="2025-07-31T11:09:07 IST" name="RegressionSuite" finished-at="2025-07-31T11:09:15 IST" duration-ms="8425">
    <groups>
      <group name="RT">
        <method signature="Example1Test.orderProducts(java.lang.String,java.lang.String,java.lang.String)[pri:1, instance:productTest.Example1Test@233795b6]" name="orderProducts" class="productTest.Example1Test"/>
      </group> <!-- RT -->
    </groups>
    <test started-at="2025-07-31T11:09:07 IST" name="Test" finished-at="2025-07-31T11:09:15 IST" duration-ms="8425">
      <class name="productTest.Example1Test">
        <test-method is-config="true" signature="ReportSetup()[pri:0, instance:productTest.Example1Test@233795b6]" started-at="2025-07-31T11:09:07 IST" name="ReportSetup" finished-at="2025-07-31T11:09:07 IST" duration-ms="219" status="PASS">
          <reporter-output>
          </reporter-output>
        </test-method> <!-- ReportSetup -->
        <test-method is-config="true" signature="browserSetup(java.lang.String)[pri:0, instance:productTest.Example1Test@233795b6]" started-at="2025-07-31T11:09:07 IST" name="browserSetup" finished-at="2025-07-31T11:09:10 IST" duration-ms="2988" status="PASS">
          <params>
            <param index="0">
              <value>
                <![CDATA[edge]]>
              </value>
            </param>
          </params>
          <reporter-output>
            <line>
              <![CDATA[Browser setup is done]]>
            </line>
          </reporter-output>
        </test-method> <!-- browserSetup -->
        <test-method is-config="true" signature="LogIn()[pri:0, instance:productTest.Example1Test@233795b6]" started-at="2025-07-31T11:09:10 IST" name="LogIn" finished-at="2025-07-31T11:09:11 IST" duration-ms="417" status="PASS">
          <reporter-output>
            <line>
              <![CDATA[Login successfully]]>
            </line>
          </reporter-output>
        </test-method> <!-- LogIn -->
        <test-method signature="Addproduct2()[pri:0, instance:productTest.Example1Test@233795b6]" started-at="2025-07-31T11:09:11 IST" name="Addproduct2" finished-at="2025-07-31T11:09:11 IST" duration-ms="15" status="PASS">
          <reporter-output>
          </reporter-output>
        </test-method> <!-- Addproduct2 -->
        <test-method is-config="true" signature="Logout()[pri:0, instance:productTest.Example1Test@233795b6]" started-at="2025-07-31T11:09:11 IST" name="Logout" finished-at="2025-07-31T11:09:11 IST" duration-ms="292" status="PASS">
          <reporter-output>
            <line>
              <![CDATA[Logout is done]]>
            </line>
          </reporter-output>
        </test-method> <!-- Logout -->
        <test-method is-config="true" signature="LogIn()[pri:0, instance:productTest.Example1Test@233795b6]" started-at="2025-07-31T11:09:11 IST" name="LogIn" finished-at="2025-07-31T11:09:11 IST" duration-ms="276" status="PASS">
          <reporter-output>
            <line>
              <![CDATA[Login successfully]]>
            </line>
          </reporter-output>
        </test-method> <!-- LogIn -->
        <test-method signature="Addproduct3()[pri:0, instance:productTest.Example1Test@233795b6]" started-at="2025-07-31T11:09:11 IST" name="Addproduct3" finished-at="2025-07-31T11:09:11 IST" duration-ms="2" status="PASS">
          <reporter-output>
          </reporter-output>
        </test-method> <!-- Addproduct3 -->
        <test-method is-config="true" signature="Logout()[pri:0, instance:productTest.Example1Test@233795b6]" started-at="2025-07-31T11:09:11 IST" name="Logout" finished-at="2025-07-31T11:09:11 IST" duration-ms="258" status="PASS">
          <reporter-output>
            <line>
              <![CDATA[Logout is done]]>
            </line>
          </reporter-output>
        </test-method> <!-- Logout -->
        <test-method is-config="true" signature="LogIn()[pri:0, instance:productTest.Example1Test@233795b6]" started-at="2025-07-31T11:09:12 IST" name="LogIn" finished-at="2025-07-31T11:09:12 IST" duration-ms="234" status="PASS">
          <reporter-output>
            <line>
              <![CDATA[Login successfully]]>
            </line>
          </reporter-output>
        </test-method> <!-- LogIn -->
        <test-method signature="orderProducts(java.lang.String,java.lang.String,java.lang.String)[pri:1, instance:productTest.Example1Test@233795b6]" started-at="2025-07-31T11:09:12 IST" name="orderProducts" data-provider="CheckoutInfo" finished-at="2025-07-31T11:09:14 IST" duration-ms="1800" status="PASS">
          <params>
            <param index="0">
              <value>
                <![CDATA[Anusha]]>
              </value>
            </param>
            <param index="1">
              <value>
                <![CDATA[Ch]]>
              </value>
            </param>
            <param index="2">
              <value>
                <![CDATA[ 500018]]>
              </value>
            </param>
          </params>
          <reporter-output>
            <line>
              <![CDATA[Anusha]]>
            </line>
            <line>
              <![CDATA[Ch]]>
            </line>
            <line>
              <![CDATA[ 500018]]>
            </line>
          </reporter-output>
        </test-method> <!-- orderProducts -->
        <test-method is-config="true" signature="Logout()[pri:0, instance:productTest.Example1Test@233795b6]" started-at="2025-07-31T11:09:14 IST" name="Logout" finished-at="2025-07-31T11:09:14 IST" duration-ms="226" status="PASS">
          <reporter-output>
            <line>
              <![CDATA[Logout is done]]>
            </line>
          </reporter-output>
        </test-method> <!-- Logout -->
        <test-method is-config="true" signature="broserTerminate()[pri:0, instance:productTest.Example1Test@233795b6]" started-at="2025-07-31T11:09:14 IST" name="broserTerminate" finished-at="2025-07-31T11:09:15 IST" duration-ms="287" status="PASS">
          <reporter-output>
          </reporter-output>
        </test-method> <!-- broserTerminate -->
        <test-method is-config="true" signature="ReportTerminate()[pri:0, instance:productTest.Example1Test@233795b6]" started-at="2025-07-31T11:09:15 IST" name="ReportTerminate" finished-at="2025-07-31T11:09:15 IST" duration-ms="634" status="PASS">
          <reporter-output>
          </reporter-output>
        </test-method> <!-- ReportTerminate -->
      </class> <!-- productTest.Example1Test -->
    </test> <!-- Test -->
  </suite> <!-- RegressionSuite -->
</testng-results>
